<?xml version="1.0" encoding="UTF-8"?>
<testsuite name="example.com.gridu.spring.SpringJavaConfigTest" tests="1" skipped="1" failures="0" errors="0" timestamp="2019-09-20T07:38:49" hostname="gds000921-nb.carina.griddynamics.net" time="0.0">
  <properties/>
  <testcase name="testTaxesCalculationRestResourceV1_GetStateRules" classname="example.com.gridu.spring.SpringJavaConfigTest" time="0.0">
    <skipped/>
  </testcase>
  <system-out><![CDATA[03:38:49.217 [Test worker] DEBUG org.springframework.test.context.junit4.SpringJUnit4ClassRunner - SpringJUnit4ClassRunner constructor called with [class example.com.gridu.spring.SpringJavaConfigTest]
03:38:49.227 [Test worker] DEBUG org.springframework.test.context.BootstrapUtils - Instantiating CacheAwareContextLoaderDelegate from class [org.springframework.test.context.cache.DefaultCacheAwareContextLoaderDelegate]
03:38:49.235 [Test worker] DEBUG org.springframework.test.context.BootstrapUtils - Instantiating BootstrapContext using constructor [public org.springframework.test.context.support.DefaultBootstrapContext(java.lang.Class,org.springframework.test.context.CacheAwareContextLoaderDelegate)]
03:38:49.244 [Test worker] DEBUG org.springframework.test.context.BootstrapUtils - Instantiating TestContextBootstrapper for test class [example.com.gridu.spring.SpringJavaConfigTest] from class [org.springframework.test.context.support.DefaultTestContextBootstrapper]
03:38:49.269 [Test worker] DEBUG org.springframework.test.context.support.AbstractDelegatingSmartContextLoader - Delegating to AnnotationConfigContextLoader to process context configuration [ContextConfigurationAttributes@25f98748 declaringClass = 'example.com.gridu.spring.SpringJavaConfigTest', classes = '{class example.com.gridu.spring.TaxesRestResourceConfig}', locations = '{}', inheritLocations = true, initializers = '{}', inheritInitializers = true, name = [null], contextLoaderClass = 'org.springframework.test.context.ContextLoader'].
03:38:49.315 [Test worker] DEBUG org.springframework.test.context.support.DefaultTestContextBootstrapper - @TestExecutionListeners is not present for class [example.com.gridu.spring.SpringJavaConfigTest]: using defaults.
03:38:49.316 [Test worker] INFO org.springframework.test.context.support.DefaultTestContextBootstrapper - Loaded default TestExecutionListener class names from location [META-INF/spring.factories]: [org.springframework.boot.test.autoconfigure.restdocs.RestDocsTestExecutionListener, org.springframework.boot.test.autoconfigure.web.client.MockRestServiceServerResetTestExecutionListener, org.springframework.boot.test.autoconfigure.web.servlet.MockMvcPrintOnlyOnFailureTestExecutionListener, org.springframework.boot.test.autoconfigure.web.servlet.WebDriverTestExecutionListener, org.springframework.boot.test.mock.mockito.MockitoTestExecutionListener, org.springframework.boot.test.mock.mockito.ResetMocksTestExecutionListener, org.springframework.test.context.web.ServletTestExecutionListener, org.springframework.test.context.support.DirtiesContextBeforeModesTestExecutionListener, org.springframework.test.context.support.DependencyInjectionTestExecutionListener, org.springframework.test.context.support.DirtiesContextTestExecutionListener, org.springframework.test.context.transaction.TransactionalTestExecutionListener, org.springframework.test.context.jdbc.SqlScriptsTestExecutionListener]
03:38:49.330 [Test worker] INFO org.springframework.test.context.support.DefaultTestContextBootstrapper - Using TestExecutionListeners: [org.springframework.test.context.web.ServletTestExecutionListener@33ca8705, org.springframework.test.context.support.DirtiesContextBeforeModesTestExecutionListener@1a125ac5, org.springframework.boot.test.mock.mockito.MockitoTestExecutionListener@56b607a4, org.springframework.test.context.support.DependencyInjectionTestExecutionListener@288ca937, org.springframework.test.context.support.DirtiesContextTestExecutionListener@4f19e18c, org.springframework.test.context.transaction.TransactionalTestExecutionListener@47d54ed8, org.springframework.test.context.jdbc.SqlScriptsTestExecutionListener@21b8faa1, org.springframework.boot.test.autoconfigure.restdocs.RestDocsTestExecutionListener@6cb02ab0, org.springframework.boot.test.autoconfigure.web.client.MockRestServiceServerResetTestExecutionListener@6ca5a32b, org.springframework.boot.test.autoconfigure.web.servlet.MockMvcPrintOnlyOnFailureTestExecutionListener@16b93e9, org.springframework.boot.test.autoconfigure.web.servlet.WebDriverTestExecutionListener@67e01c97, org.springframework.boot.test.mock.mockito.ResetMocksTestExecutionListener@a685f71]
03:38:49.332 [Test worker] DEBUG org.springframework.test.annotation.ProfileValueUtils - Retrieved @ProfileValueSourceConfiguration [null] for test class [example.com.gridu.spring.SpringJavaConfigTest]
03:38:49.332 [Test worker] DEBUG org.springframework.test.annotation.ProfileValueUtils - Retrieved ProfileValueSource type [class org.springframework.test.annotation.SystemProfileValueSource] for class [example.com.gridu.spring.SpringJavaConfigTest]
]]></system-out>
  <system-err><![CDATA[]]></system-err>
</testsuite>
